Semivariogram           tail:fe           head:fe            direction  1 
-HDIR    0.0000000       22.500000       2000.0000    
-VDIR    0.0000000       90.000000       20.000000    
-LAGS           15       40.000000       30.000000    
-VARI            1     1     1
   1        0.000      0.00000    13026       65.81500       65.81500
   2       12.814      2.02366   262519       65.85768       65.75866
   3       39.331      2.36545   400574       65.79703       65.67959
   4       83.704      2.41575   863885       65.90689       65.79751
   5      119.598      2.56744   798568       65.96806       65.73894
   6      159.623      2.60836   989937       65.99426       65.76793
   7      196.825      2.65409   785753       65.92521       65.67567
   8      242.930      2.58891  1361193       65.91595       65.77415
   9      268.536      2.66520  1110043       65.83810       65.73692
  10      320.701      2.63494  1316426       65.86629       65.74444
  11      352.623      2.71660   937769       65.87464       65.63338
  12      400.190      2.68693  1264748       65.85082       65.64971
  13      434.755      2.72974  1133636       65.82760       65.53777
  14      484.536      2.72830  1337654       65.87648       65.58052
  15      512.749      2.80922   893251       65.80784       65.50188
  16      564.100      2.78296  1049282       65.85684       65.53417
  17      586.889      2.80872   554521       65.88980       65.48977
Semivariogram           tail:fe           head:fe            direction  2 
-HDIR    45.000000       22.500000       2000.0000    
-VDIR    0.0000000       90.000000       20.000000    
-LAGS           15       40.000000       30.000000    
-VARI            1     1     1
   1        0.000      0.00000    13026       65.81500       65.81500
   2       13.133      1.97286   263089       65.88858       65.82121
   3       36.925      2.33689   404350       65.83811       65.75807
   4       81.974      2.54872   491972       65.76811       65.72443
   5      120.051      2.58812   858306       65.80722       65.76864
   6      167.443      2.63785  1229447       65.83243       65.74032
   7      197.243      2.66110  1452103       65.86860       65.74131
   8      236.215      2.77000  1046088       65.86542       65.71213
   9      282.828      2.61723  1186054       65.92570       65.82281
  10      323.754      2.56094  1045439       65.94655       65.79888
  11      357.234      2.52829  1364684       65.97979       65.81125
  12      399.550      2.56529  1203687       65.98064       65.78101
  13      445.325      2.53370  1323812       66.00306       65.75557
  14      474.579      2.55255  1382007       65.97599       65.76523
  15      520.077      2.54019  1295288       65.98988       65.75521
  16      558.620      2.53589  1323400       65.97166       65.76683
  17      593.096      2.54467   974311       65.91891       65.75633
Semivariogram           tail:fe           head:fe            direction  3 
-HDIR    90.000000       22.500000       2000.0000    
-VDIR    0.0000000       90.000000       20.000000    
-LAGS           15       40.000000       30.000000    
-VARI            1     1     1
   1        0.000      0.00000    13026       65.81500       65.81500
   2       12.615      1.99701   257282       65.86668       65.78361
   3       39.839      2.26786   418938       65.79060       65.82534
   4       82.933      2.49350   826761       65.71927       65.89316
   5      120.867      2.62794   821035       65.63275       65.91383
   6      158.781      2.52477   966582       65.71486       65.78682
   7      197.780      2.64176   772283       65.73698       65.70434
   8      242.421      2.56499  1308551       65.82159       65.78704
   9      269.804      2.57708  1127206       65.85138       65.77342
  10      320.016      2.58235  1308298       65.86965       65.74559
  11      353.248      2.60967   940264       65.82498       65.85691
  12      399.671      2.60984  1253361       65.90420       65.83913
  13      435.905      2.66364  1181759       65.93069       65.84377
  14      483.045      2.63946  1330914       65.89996       65.87363
  15      513.870      2.62654   846873       65.86076       65.91479
  16      563.266      2.62164  1109934       65.94109       65.86324
  17      586.790      2.62055   544310       65.93304       65.87151
Semivariogram           tail:fe           head:fe            direction  4 
-HDIR    135.00000       22.500000       2000.0000    
-VDIR    0.0000000       90.000000       20.000000    
-LAGS           15       40.000000       30.000000    
-VARI            1     1     1
   1        0.000      0.00000    13026       65.81500       65.81500
   2       12.911      1.97056   249631       65.87555       65.82214
   3       37.076      2.37843   383067       65.76111       65.76071
   4       82.207      2.45563   490971       65.71192       65.87773
   5      120.326      2.47505   902219       65.72383       66.00203
   6      167.361      2.55791  1239986       65.72564       66.01034
   7      197.107      2.56991  1471444       65.75142       65.95495
   8      236.410      2.68024  1015971       65.67609       65.91244
   9      282.340      2.65146  1144524       65.76014       65.87140
  10      323.065      2.75441   991492       65.76259       65.78463
  11      357.027      2.75489  1342076       65.80220       65.78385
  12      400.390      2.78096  1202649       65.82546       65.74971
  13      445.514      2.75554  1286760       65.84914       65.72008
  14      474.218      2.80921  1374247       65.85862       65.67134
  15      520.368      2.75221  1329874       65.88136       65.67663
  16      558.370      2.75457  1345498       65.83965       65.67391
  17      593.092      2.71172   981515       65.85735       65.68397
Semivariogram           tail:fe           head:fe            direction  5 
-HDIR    0.0000000       90.000000       999.00000    
-VDIR    90.000000       20.000000       20.000000    
-LAGS           25       1.0000000      0.50000000    
-VARI            1     1     1
   1        0.000      0.00000    26052       65.81500       65.81500
   2        0.000      0.00000        0        0.00000        0.00000
   3        1.000      1.45432    24688       65.87036       65.87036
   4        2.000      1.56353    24168       65.86808       65.86808
   5        3.000      1.64215    23620       65.86050       65.86050
   6        4.000      1.66540    23116       65.85833       65.85833
   7        5.000      1.78258    22596       65.85514       65.85514
   8        6.000      1.82757    22122       65.84860       65.84860
   9        7.000      1.87068    21596       65.84834       65.84834
  10        8.000      1.92719    21108       65.84503       65.84503
  11        9.000      1.97126    20628       65.84062       65.84062
  12       10.000      1.93500    20068       65.84158       65.84158
  13       11.000      2.02761    19596       65.84019       65.84019
  14       12.000      2.06583    19084       65.83806       65.83806
  15       13.000      2.10699    18568       65.83570       65.83570
  16       14.000      2.12396    18046       65.83869       65.83869
  17       15.000      2.17626    17550       65.83544       65.83544
  18       16.000      2.15193    17046       65.83559       65.83559
  19       17.000      2.23563    16544       65.82488       65.82488
  20       18.000      2.22469    16004       65.83358       65.83358
  21       19.000      2.25862    15512       65.83083       65.83083
  22       20.000      2.31736    15024       65.82919       65.82919
  23       21.000      2.34996    14516       65.82719       65.82719
  24       22.000      2.38783    14012       65.82396       65.82396
  25       23.000      2.43265    13512       65.82633       65.82633
  26       24.000      2.44811    12998       65.82887       65.82887
  27       25.000      2.45264    12478       65.83229       65.83229
