Model Variogram for Direction:  1
   1      .000       .00000      5      2.66500      1.00000
   1      .000      1.35316      5      1.31184       .49225
   2    20.000      2.15369      5       .51131       .19186
   3    40.000      2.35502      5       .30998       .11632
   4    60.000      2.43987      5       .22513       .08447
   5    80.000      2.49347      5       .17153       .06436
   6   100.000      2.53285      5       .13215       .04959
   7   120.000      2.56295      5       .10205       .03829
   8   140.000      2.58615      5       .07885       .02959
   9   160.000      2.60406      5       .06094       .02287
  10   180.000      2.61791      5       .04709       .01767
  11   200.000      2.62861      5       .03639       .01366
  12   220.000      2.63688      5       .02812       .01055
  13   240.000      2.64327      5       .02173       .00816
  14   260.000      2.64820      5       .01680       .00630
  15   280.000      2.65202      5       .01298       .00487
  16   300.000      2.65497      5       .01003       .00376
  17   320.000      2.65725      5       .00775       .00291
  18   340.000      2.65901      5       .00599       .00225
  19   360.000      2.66037      5       .00463       .00174
  20   380.000      2.66142      5       .00358       .00134
  21   400.000      2.66224      5       .00276       .00104
  22   420.000      2.66286      5       .00214       .00080
  23   440.000      2.66335      5       .00165       .00062
  24   460.000      2.66372      5       .00128       .00048
  25   480.000      2.66401      5       .00099       .00037
  26   500.000      2.66424      5       .00076       .00029
  27   520.000      2.66441      5       .00059       .00022
  28   540.000      2.66455      5       .00046       .00017
  29   560.000      2.66465      5       .00035       .00013
  30   580.000      2.66473      5       .00027       .00010
  31   600.000      2.66479      5       .00021       .00008
  32   620.000      2.66484      5       .00016       .00006
  33   640.000      2.66487      5       .00013       .00005
  34   660.000      2.66490      5       .00010       .00004
  35   680.000      2.66493      5       .00007       .00003
  36   700.000      2.66494      5       .00006       .00002
  37   720.000      2.66496      5       .00004       .00002
  38   740.000      2.66497      5       .00003       .00001
  39   760.000      2.66497      5       .00003       .00001
  40   780.000      2.66498      5       .00002       .00001
  41   800.000      2.66498      5       .00002       .00001
Model Variogram for Direction:  2
   1      .000       .00000      5      2.66500      1.00000
   1      .000      1.35316      5      1.31184       .49225
   2    20.000      2.15406      5       .51094       .19172
   3    40.000      2.36260      5       .30240       .11347
   4    60.000      2.45041      5       .21459       .08052
   5    80.000      2.50465      5       .16035       .06017
   6   100.000      2.54366      5       .12135       .04553
   7   120.000      2.57290      5       .09210       .03456
   8   140.000      2.59505      5       .06995       .02625
   9   160.000      2.61186      5       .05314       .01994
  10   180.000      2.62463      5       .04037       .01515
  11   200.000      2.63433      5       .03067       .01151
  12   220.000      2.64170      5       .02330       .00874
  13   240.000      2.64730      5       .01770       .00664
  14   260.000      2.65155      5       .01345       .00505
  15   280.000      2.65479      5       .01021       .00383
  16   300.000      2.65724      5       .00776       .00291
  17   320.000      2.65911      5       .00590       .00221
  18   340.000      2.66052      5       .00448       .00168
  19   360.000      2.66160      5       .00340       .00128
  20   380.000      2.66242      5       .00258       .00097
  21   400.000      2.66304      5       .00196       .00074
  22   420.000      2.66351      5       .00149       .00056
  23   440.000      2.66387      5       .00113       .00043
  24   460.000      2.66414      5       .00086       .00032
  25   480.000      2.66435      5       .00065       .00025
  26   500.000      2.66450      5       .00050       .00019
  27   520.000      2.66462      5       .00038       .00014
  28   540.000      2.66471      5       .00029       .00011
  29   560.000      2.66478      5       .00022       .00008
  30   580.000      2.66483      5       .00017       .00006
  31   600.000      2.66487      5       .00013       .00005
  32   620.000      2.66490      5       .00010       .00004
  33   640.000      2.66493      5       .00007       .00003
  34   660.000      2.66495      5       .00006       .00002
  35   680.000      2.66496      5       .00004       .00002
  36   700.000      2.66497      5       .00003       .00001
  37   720.000      2.66498      5       .00002       .00001
  38   740.000      2.66498      5       .00002       .00001
  39   760.000      2.66499      5       .00001       .00001
  40   780.000      2.66499      5       .00001       .00000
  41   800.000      2.66499      5       .00001       .00000
Model Variogram for Direction:  3
   1      .000       .00000      5      2.66500      1.00000
   1      .000      1.35316      5      1.31184       .49225
   2    20.000      2.15152      5       .51348       .19268
   3    40.000      2.34197      5       .32304       .12121
   4    60.000      2.42215      5       .24285       .09112
   5    80.000      2.47444      5       .19056       .07151
   6   100.000      2.51411      5       .15089       .05662
   7   120.000      2.54531      5       .11969       .04491
   8   140.000      2.57002      5       .09498       .03564
   9   160.000      2.58962      5       .07538       .02828
  10   180.000      2.60518      5       .05982       .02245
  11   200.000      2.61752      5       .04748       .01781
  12   220.000      2.62732      5       .03768       .01414
  13   240.000      2.63510      5       .02990       .01122
  14   260.000      2.64127      5       .02373       .00890
  15   280.000      2.64617      5       .01883       .00707
  16   300.000      2.65005      5       .01495       .00561
  17   320.000      2.65314      5       .01186       .00445
  18   340.000      2.65559      5       .00941       .00353
  19   360.000      2.65753      5       .00747       .00280
  20   380.000      2.65907      5       .00593       .00222
  21   400.000      2.66029      5       .00471       .00177
  22   420.000      2.66127      5       .00373       .00140
  23   440.000      2.66204      5       .00296       .00111
  24   460.000      2.66265      5       .00235       .00088
  25   480.000      2.66313      5       .00187       .00070
  26   500.000      2.66352      5       .00148       .00056
  27   520.000      2.66382      5       .00118       .00044
  28   540.000      2.66407      5       .00093       .00035
  29   560.000      2.66426      5       .00074       .00028
  30   580.000      2.66441      5       .00059       .00022
  31   600.000      2.66453      5       .00047       .00018
  32   620.000      2.66463      5       .00037       .00014
  33   640.000      2.66471      5       .00029       .00011
  34   660.000      2.66477      5       .00023       .00009
  35   680.000      2.66482      5       .00019       .00007
  36   700.000      2.66485      5       .00015       .00006
  37   720.000      2.66488      5       .00012       .00004
  38   740.000      2.66491      5       .00009       .00003
  39   760.000      2.66493      5       .00007       .00003
  40   780.000      2.66494      5       .00006       .00002
  41   800.000      2.66495      5       .00005       .00002
Model Variogram for Direction:  4
   1      .000       .00000      5      2.66500      1.00000
   1      .000      1.35317      5      1.31183       .49225
   2    20.000      2.14867      5       .51633       .19374
   3    40.000      2.33085      5       .33415       .12539
   4    60.000      2.40724      5       .25776       .09672
   5    80.000      2.45817      5       .20683       .07761
   6   100.000      2.49774      5       .16726       .06276
   7   120.000      2.52954      5       .13546       .05083
   8   140.000      2.55526      5       .10974       .04118
   9   160.000      2.57609      5       .08891       .03336
  10   180.000      2.59297      5       .07203       .02703
  11   200.000      2.60664      5       .05836       .02190
  12   220.000      2.61772      5       .04728       .01774
  13   240.000      2.62670      5       .03830       .01437
  14   260.000      2.63397      5       .03103       .01164
  15   280.000      2.63986      5       .02514       .00943
  16   300.000      2.64463      5       .02037       .00764
  17   320.000      2.64850      5       .01650       .00619
  18   340.000      2.65163      5       .01337       .00502
  19   360.000      2.65417      5       .01083       .00406
  20   380.000      2.65622      5       .00878       .00329
  21   400.000      2.65789      5       .00711       .00267
  22   420.000      2.65924      5       .00576       .00216
  23   440.000      2.66033      5       .00467       .00175
  24   460.000      2.66122      5       .00378       .00142
  25   480.000      2.66194      5       .00306       .00115
  26   500.000      2.66252      5       .00248       .00093
  27   520.000      2.66299      5       .00201       .00075
  28   540.000      2.66337      5       .00163       .00061
  29   560.000      2.66368      5       .00132       .00050
  30   580.000      2.66393      5       .00107       .00040
  31   600.000      2.66413      5       .00087       .00033
  32   620.000      2.66430      5       .00070       .00026
  33   640.000      2.66443      5       .00057       .00021
  34   660.000      2.66454      5       .00046       .00017
  35   680.000      2.66463      5       .00037       .00014
  36   700.000      2.66470      5       .00030       .00011
  37   720.000      2.66476      5       .00024       .00009
  38   740.000      2.66480      5       .00020       .00007
  39   760.000      2.66484      5       .00016       .00006
  40   780.000      2.66487      5       .00013       .00005
  41   800.000      2.66489      5       .00011       .00004
Model Variogram for Direction:  5
   1      .000       .00000      5      2.66500      1.00000
   1      .000      1.35301      5      1.31199       .49230
   2     1.000      1.43142      5      1.23358       .46288
   3     2.000      1.50340      5      1.16160       .43587
   4     3.000      1.56949      5      1.09551       .41107
   5     4.000      1.63020      5      1.03480       .38829
   6     5.000      1.68600      5       .97900       .36735
   7     6.000      1.73732      5       .92768       .34810
   8     7.000      1.78454      5       .88046       .33038
   9     8.000      1.82802      5       .83698       .31406
  10     9.000      1.86808      5       .79692       .29903
  11    10.000      1.90501      5       .75999       .28518
  12    11.000      1.93909      5       .72591       .27239
  13    12.000      1.97055      5       .69445       .26058
  14    13.000      1.99963      5       .66537       .24967
  15    14.000      2.02653      5       .63847       .23958
  16    15.000      2.05144      5       .61356       .23023
  17    16.000      2.07452      5       .59048       .22157
  18    17.000      2.09593      5       .56907       .21353
  19    18.000      2.11582      5       .54918       .20607
  20    19.000      2.13431      5       .53069       .19913
  21    20.000      2.15152      5       .51348       .19268
  22    21.000      2.16756      5       .49744       .18666
  23    22.000      2.18253      5       .48247       .18104
  24    23.000      2.19651      5       .46849       .17579
  25    24.000      2.20960      5       .45540       .17088
  26    25.000      2.22186      5       .44314       .16628
  27    26.000      2.23337      5       .43163       .16196
  28    27.000      2.24418      5       .42082       .15791
  29    28.000      2.25435      5       .41065       .15409
  30    29.000      2.26394      5       .40106       .15049
  31    30.000      2.27300      5       .39200       .14709
  32    31.000      2.28156      5       .38344       .14388
  33    32.000      2.28967      5       .37533       .14084
  34    33.000      2.29736      5       .36764       .13795
  35    34.000      2.30467      5       .36033       .13521
  36    35.000      2.31162      5       .35338       .13260
  37    36.000      2.31824      5       .34676       .13011
  38    37.000      2.32457      5       .34043       .12774
  39    38.000      2.33062      5       .33438       .12547
  40    39.000      2.33641      5       .32859       .12330
  41    40.000      2.34197      5       .32304       .12121
